<testsuites>
  <testsuite name="BMSTest.dll" tests="56" skipped="0" failures="0" errors="0" time="0.9221000999999995" timestamp="2023-01-05T08:48:57" hostname="MSI" id="0" package="BMSTest.dll">
    <properties />
    <testcase classname="BMSTest.TestLoginXUnit" name="test_Login_Fail_With_Null_UserName(userName: &quot;congdat123&quot;, password: &quot;&quot;)" time="0.0024654" />
    <testcase classname="BMSTest.UnitTest.TestDeleteXUnit" name="test_Delete_Success(id: 34)" time="0.1037067" />
    <testcase classname="BMSTest.UnitTest.TestNewsXUnit" name="test_Post_News_Fail_With_Null_Image(newTitle: &quot;Title&quot;, newComment: &quot;Comment&quot;, newImg: &quot;&quot;, newLink: &quot;newLink.com&quot;, newCategory: 1, newCategoryName: &quot;New Category&quot;)" time="0.1034887" />
    <testcase classname="BMSTest.UnitTest.TestProductXUnit" name="test_Delete_Product(productId: 10081)" time="0.1034902" />
    <testcase classname="BMSTest.TestRegisterXUnit" name="test_Register_with_Null_Phone(userName: &quot;abcxyz&quot;, password: &quot;Cnd21060191@&quot;, fullName: &quot;Nguyen Cong Dat&quot;, email: &quot;cnd210621@gmail.com&quot;, phone: &quot;&quot;, address: &quot;Ly Son&quot;, avatar: &quot;String&quot;)" time="0.1042031" />
    <testcase classname="BMSTest.TestLoginXUnit" name="test_Login_Fail_With_Null_UserName(userName: &quot;&quot;, password: &quot;cnd21123&quot;)" time="0.0999318" />
    <testcase classname="BMSTest.TestLoginXUnit" name="test_Login_Fail_With_Null_UserName(userName: &quot;congda2t1&quot;, password: &quot;cnd211223&quot;)" time="0.0000252" />
    <testcase classname="BMSTest.TestLoginXUnit" name="test_Login_Fail_With_Null_UserName(userName: &quot;cong2dat21&quot;, password: &quot;cnd2112323&quot;)" time="0.0000076" />
    <testcase classname="BMSTest.TestLoginXUnit" name="test_Login_Fail_With_Null_UserName(userName: &quot;congdat1243&quot;, password: &quot;cnd2112312&quot;)" time="0.0000035" />
    <testcase classname="BMSTest.TestLoginXUnit" name="test_Login_Fail_With_Null_UserName(userName: &quot;co2n2gdat1&quot;, password: &quot;cn2d221123&quot;)" time="0.0000030" />
    <testcase classname="BMSTest.TestLoginXUnit" name="test_Login_Fail_With_Null_UserName(userName: &quot;congdat214&quot;, password: &quot;cnd211d23&quot;)" time="0.0000026" />
    <testcase classname="BMSTest.TestLoginXUnit" name="test_Login_Fail_With_Null_UserName(userName: &quot;congdat123&quot;, password: &quot;cnd210601&quot;)" time="0.0000028" />
    <testcase classname="BMSTest.TestLoginXUnit" name="test_Login_Fail_With_Null_UserName(userName: &quot;co2ngdat21&quot;, password: &quot;cnd222123&quot;)" time="0.0000028" />
    <testcase classname="BMSTest.TestLoginXUnit" name="test_Login_Fail_With_Null_UserName(userName: &quot;congdat321&quot;, password: &quot;cnd211323&quot;)" time="0.0000041" />
    <testcase classname="BMSTest.TestLoginXUnit" name="test_Login_Fail_With_Null_Password(userName: &quot;congda2t1&quot;, password: &quot;cnd211223&quot;)" time="0.0004340" />
    <testcase classname="BMSTest.TestLoginXUnit" name="test_Login_Fail_With_Null_Password(userName: &quot;congdat214&quot;, password: &quot;cnd211d23&quot;)" time="0.0000137" />
    <testcase classname="BMSTest.TestLoginXUnit" name="test_Login_Fail_With_Null_Password(userName: &quot;cong2dat21&quot;, password: &quot;cnd2112323&quot;)" time="0.0000036" />
    <testcase classname="BMSTest.TestLoginXUnit" name="test_Login_Fail_With_Null_Password(userName: &quot;&quot;, password: &quot;cnd21123&quot;)" time="0.0000032" />
    <testcase classname="BMSTest.TestLoginXUnit" name="test_Login_Fail_With_Null_Password(userName: &quot;congdat321&quot;, password: &quot;cnd211323&quot;)" time="0.0000022" />
    <testcase classname="BMSTest.TestLoginXUnit" name="test_Login_Fail_With_Null_Password(userName: &quot;co2n2gdat1&quot;, password: &quot;cn2d221123&quot;)" time="0.0000020" />
    <testcase classname="BMSTest.TestLoginXUnit" name="test_Login_Fail_With_Null_Password(userName: &quot;congdat123&quot;, password: &quot;cnd210601&quot;)" time="0.0000027" />
    <testcase classname="BMSTest.TestLoginXUnit" name="test_Login_Fail_With_Null_Password(userName: &quot;co2ngdat21&quot;, password: &quot;cnd222123&quot;)" time="0.0000020" />
    <testcase classname="BMSTest.TestLoginXUnit" name="test_Login_Fail_With_Null_Password(userName: &quot;congdat1243&quot;, password: &quot;cnd2112312&quot;)" time="0.0000020" />
    <testcase classname="BMSTest.UnitTest.TestNewsXUnit" name="test_Post_News_Fail_With_Null_CategoryName(newTitle: &quot;Title&quot;, newComment: &quot;Comment&quot;, newImg: &quot;Image.png&quot;, newLink: &quot;newLink.com&quot;, newCategory: 1, newCategoryName: &quot;&quot;)" time="0.0070324" />
    <testcase classname="BMSTest.UnitTest.TestProductXUnit" name="test_Post_Product_Fail_With_Price_Less_Than_0(productName: &quot;Ngói&quot;, categoryId: 4, price: -1, avatar: &quot;ngoi.img&quot;, description: &quot;Ngói lặp mái &quot;, inStocks: 3500, img1: &quot;String&quot;)" time="0.0070715" />
    <testcase classname="BMSTest.TestLoginXUnit" name="test_Login_Fail_With_Null_Password(userName: &quot;congdat123&quot;, password: &quot;&quot;)" time="0.0066199" />
    <testcase classname="BMSTest.TestRegisterXUnit" name="test_Register_with_Null_UserName(userName: &quot;&quot;, password: &quot;Cnd21060191@&quot;, fullName: &quot;Nguyen Cong Dat&quot;, email: &quot;cnd210601@gmail.com&quot;, phone: &quot;0359182080&quot;, address: &quot;Ly Son&quot;, avatar: &quot;String&quot;)" time="0.0078444" />
    <testcase classname="BMSTest.UnitTest.TestNewsXUnit" name="test_Post_News_Fail_With_Null_Link(newTitle: &quot;Title&quot;, newComment: &quot;Comment&quot;, newImg: &quot;Image.png&quot;, newLink: &quot;&quot;, newCategory: 1, newCategoryName: &quot;New Category&quot;)" time="0.0063574" />
    <testcase classname="BMSTest.TestRegisterXUnit" name="test_Register_Success(userName: &quot;congdat12345&quot;, password: &quot;Cnd21060191@&quot;, fullName: &quot;Nguyen Cong Dat&quot;, email: &quot;cnd210601@gmail.com&quot;, phone: &quot;0359182080&quot;, address: &quot;Ly Son&quot;, avatar: &quot;String&quot;)" time="0.0066813" />
    <testcase classname="BMSTest.UnitTest.TestNewsXUnit" name="test_Post_News_Fail_With_CategoryId_Less_Than_0(newTitle: &quot;Title&quot;, newComment: &quot;Comment&quot;, newImg: &quot;Image.png&quot;, newLink: &quot;newLink.com&quot;, newCategory: -1, newCategoryName: &quot;New Category&quot;)" time="0.0052722" />
    <testcase classname="BMSTest.UnitTest.TestProductXUnit" name="test_Post_Product_Success(productName: &quot;Ngói&quot;, categoryId: 4, price: 2000, avatar: &quot;ngoi.img&quot;, description: &quot;Ngói lặp mái &quot;, inStocks: 3500, img1: &quot;String&quot;)" time="0.0132464" />
    <testcase classname="BMSTest.TestRegisterXUnit" name="test_Register_with_Email_Is_invalid(userName: &quot;testIsInvalidEmail&quot;, password: &quot;Abc@12345678&quot;, fullName: &quot;Nguyen Cong Dat&quot;, email: &quot;cnd210621&quot;, phone: &quot;0359182080&quot;, address: &quot;Ly Son&quot;, avatar: &quot;String&quot;)" time="0.0078774" />
    <testcase classname="BMSTest.UnitTest.TestNewsXUnit" name="test_Post_News_Fail_With_Null_Title(newTitle: &quot;&quot;, newComment: &quot;Comment&quot;, newImg: &quot;Image.png&quot;, newLink: &quot;newLink.com&quot;, newCategory: 1, newCategoryName: &quot;New Category&quot;)" time="0.0060948" />
    <testcase classname="BMSTest.UnitTest.TestProductXUnit" name="test_Post_Product_Fail_With_Null_Avatar(productName: &quot;Ngói&quot;, categoryId: 4, price: 2000, avatar: &quot;&quot;, description: &quot;Ngói lặp mái &quot;, inStocks: 3500, img1: &quot;String&quot;)" time="0.0056445" />
    <testcase classname="BMSTest.TestRegisterXUnit" name="test_Register_with_Null_Email(userName: &quot;abcxyz&quot;, password: &quot;Cnd21060191@&quot;, fullName: &quot;Nguyen Cong Dat&quot;, email: &quot;&quot;, phone: &quot;0359182080&quot;, address: &quot;Ly Son&quot;, avatar: &quot;String&quot;)" time="0.0089171" />
    <testcase classname="BMSTest.UnitTest.TestProductXUnit" name="test_Post_Product_Fail_With_Null_CategoryID(productName: &quot;Ngói&quot;, categoryId: 0, price: 2000, avatar: &quot;ngoi.img&quot;, description: &quot;Ngói lặp mái &quot;, inStocks: 3500, img1: &quot;String&quot;)" time="0.0058263" />
    <testcase classname="BMSTest.UnitTest.TestProductXUnit" name="test_Post_Product_Fail_With_Null_description(productName: &quot;Ngói&quot;, categoryId: 4, price: 2000, avatar: &quot;ngoi.img&quot;, description: &quot;&quot;, inStocks: 3500, img1: &quot;String&quot;)" time="0.0105712" />
    <testcase classname="BMSTest.UnitTest.TestNewsXUnit" name="test_Post_News_Success(newTitle: &quot;Title&quot;, newComment: &quot;Comment&quot;, newImg: &quot;Image.png&quot;, newLink: &quot;newLink.com&quot;, newCategory: 1, newCategoryName: &quot;New Category&quot;)" time="0.0169912" />
    <testcase classname="BMSTest.TestRegisterXUnit" name="test_Register_with_Null_Address(userName: &quot;abcxyz&quot;, password: &quot;Cnd21060191@&quot;, fullName: &quot;Nguyen Cong Dat&quot;, email: &quot;cnd210621&quot;, phone: &quot;0359182080&quot;, address: &quot;&quot;, avatar: &quot;String&quot;)" time="0.0110427" />
    <testcase classname="BMSTest.UnitTest.TestNewsXUnit" name="test_Post_News_Fail_With_Null_Comment(newTitle: &quot;Title&quot;, newComment: &quot;&quot;, newImg: &quot;Image.png&quot;, newLink: &quot;newLink.com&quot;, newCategory: 1, newCategoryName: &quot;New Category&quot;)" time="0.0045517" />
    <testcase classname="BMSTest.UnitTest.TestProductXUnit" name="test_Post_Product_Fail_With_Instock_Less_0(productName: &quot;Ngói&quot;, categoryId: 4, price: 2000, avatar: &quot;ngoi.img&quot;, description: &quot;Ngói lặp mái &quot;, inStocks: -1, img1: &quot;String&quot;)" time="0.0045594" />
    <testcase classname="BMSTest.TestRegisterXUnit" name="test_Register_with_Password_Not_Have_One_Specialcase(userName: &quot;testnotspecialcase&quot;, password: &quot;ABC1223asd1231&quot;, fullName: &quot;Nguyen Cong Dat&quot;, email: &quot;cnd210621@gmail.com&quot;, phone: &quot;0359182080&quot;, address: &quot;Ly Son&quot;, avatar: &quot;String&quot;)" time="0.0079818" />
    <testcase classname="BMSTest.UnitTest.TestNewsXUnit" name="test_Delete_News(newId: 1006)" time="0.0059311" />
    <testcase classname="BMSTest.UnitTest.TestProductXUnit" name="test_Post_Product_Fail_With_CategoryID_Less_Than_0(productName: &quot;Ngói&quot;, categoryId: -1, price: 2000, avatar: &quot;ngoi.img&quot;, description: &quot;Ngói lặp mái &quot;, inStocks: 3500, img1: &quot;String&quot;)" time="0.0061519" />
    <testcase classname="BMSTest.UnitTest.TestNewsXUnit" name="test_Post_News_Fail_With_CategoryId_As_0(newTitle: &quot;Title&quot;, newComment: &quot;Comment&quot;, newImg: &quot;Image.png&quot;, newLink: &quot;newLink.com&quot;, newCategory: 0, newCategoryName: &quot;New Category&quot;)" time="0.0040008" />
    <testcase classname="BMSTest.UnitTest.TestProductXUnit" name="test_Post_Product_Fail_With_Null_Price(productName: &quot;Ngói&quot;, categoryId: 4, price: 0, avatar: &quot;ngoi.img&quot;, description: &quot;Ngói lặp mái &quot;, inStocks: 3500, img1: &quot;String&quot;)" time="0.0038412" />
    <testcase classname="BMSTest.TestRegisterXUnit" name="test_Register_with_Null_Password(userName: &quot;abcxyzzz&quot;, password: &quot;&quot;, fullName: &quot;Nguyen Cong Dat&quot;, email: &quot;cnd210601@gmail.com&quot;, phone: &quot;0359182080&quot;, address: &quot;Ly Son&quot;, avatar: &quot;String&quot;)" time="0.0068718" />
    <testcase classname="BMSTest.UnitTest.TestProductXUnit" name="test_Post_Product_Fail_With_Null_ProductName(productName: &quot;&quot;, categoryId: 4, price: 2000, avatar: &quot;ngoi.img&quot;, description: &quot;Ngói lặp mái &quot;, inStocks: 3500, img1: &quot;String&quot;)" time="0.0047459" />
    <testcase classname="BMSTest.TestRegisterXUnit" name="test_Register_with_Password_Not_Have_One_Lowercase(userName: &quot;testnotlowercase&quot;, password: &quot;ABC1223@1231&quot;, fullName: &quot;Nguyen Cong Dat&quot;, email: &quot;cnd210621@gmail.com&quot;, phone: &quot;0359182080&quot;, address: &quot;Ly Son&quot;, avatar: &quot;String&quot;)" time="0.0079005" />
    <testcase classname="BMSTest.TestRegisterXUnit" name="test_Register_with_Password_Less_Than_8_Characters(userName: &quot;testcharacters&quot;, password: &quot;ABa@31&quot;, fullName: &quot;Nguyen Cong Dat&quot;, email: &quot;cnd210621@gmail.com&quot;, phone: &quot;0359182080&quot;, address: &quot;Ly Son&quot;, avatar: &quot;String&quot;)" time="0.0084428" />
    <testcase classname="BMSTest.TestRegisterXUnit" name="test_Register_Fail(userName: &quot;congdat123&quot;, password: &quot;Cnd21060191@&quot;, fullName: &quot;Nguyen Cong Dat&quot;, email: &quot;cnd210601@gmail.com&quot;, phone: &quot;0359182080&quot;, address: &quot;Ly Son&quot;, avatar: &quot;String&quot;)" time="0.0085696" />
    <testcase classname="BMSTest.TestRegisterXUnit" name="test_Register_with_Password_Not_Have_One_Numberic(userName: &quot;testnotnumberic&quot;, password: &quot;ABCabc@av&quot;, fullName: &quot;Nguyen Cong Dat&quot;, email: &quot;cnd210621@gmail.com&quot;, phone: &quot;0359182080&quot;, address: &quot;Ly Son&quot;, avatar: &quot;String&quot;)" time="0.0082731" />
    <testcase classname="BMSTest.TestRegisterXUnit" name="test_Register_with_Password_Not_Have_One_Uppercase(userName: &quot;testnotuppercase&quot;, password: &quot;cnd210601&quot;, fullName: &quot;Nguyen Cong Dat&quot;, email: &quot;cnd210621@gmail.com&quot;, phone: &quot;0359182080&quot;, address: &quot;Ly Son&quot;, avatar: &quot;String&quot;)" time="0.0083227" />
    <testcase classname="BMSTest.TestRegisterXUnit" name="test_Register_with_Null_FullName(userName: &quot;abcxyz&quot;, password: &quot;Cnd21060191@&quot;, fullName: &quot;&quot;, email: &quot;cnd210601@gmail.com&quot;, phone: &quot;0359182080&quot;, address: &quot;Ly Son&quot;, avatar: &quot;String&quot;)" time="0.0055612" />
    <testcase classname="BMSTest.TestLoginXUnit" name="test_Login_Success(userName: &quot;congdat123&quot;, password: &quot;cnd210601&quot;)" time="0.1705704" />
    <testcase classname="BMSTest.TestLoginXUnit" name="test_Login_Fail(userName: &quot;congssdat123&quot;, password: &quot;cnd210601&quot;)" time="0.0049306" />
    <system-out>
Test Framework Informational Messages:
[xUnit.net 00:00:00.00] xUnit.net VSTest Adapter v2.4.3+1b45f5407b (64-bit .NET 5.0.14)
[xUnit.net 00:00:00.99]   Discovering: BMSTest
[xUnit.net 00:00:01.05]   Discovered:  BMSTest
[xUnit.net 00:00:01.05]   Starting:    BMSTest
[xUnit.net 00:00:01.39]   Finished:    BMSTest
</system-out>
    <system-err></system-err>
  </testsuite>
</testsuites>